PYTHON_COMMAND: python train.py --model_class catboost --model_name CatBoost --embedding_filename landmark_dim61.embeddings --data_dir W_Jinan --query_dir real_workload_perturb_500k --log_dir ../results/v39-real_workload_perturb_500k --eval_runs 0 --seed 1234 --device cuda --time_limit 5 --learning_rate 0.3 --epochs 12000 --validate
Resolving data_dir: `W_Jinan` --> `../data/W_Jinan`
Resolving query_dir: `real_workload_perturb_500k` --> `../data/W_Jinan/real_workload_perturb_500k`
Resolving num_workers: `None` --> `16`
Resolving embedding_filename: `landmark_dim61.embeddings` --> `../data/W_Jinan/landmark_dim61.embeddings`
Arguments:
  - model_class         : catboost
  - model_name          : CatBoost
  - data_dir            : ../data/W_Jinan
  - query_dir           : ../data/W_Jinan/real_workload_perturb_500k
  - batch_size_train    : 1024
  - batch_size_test     : 1048576
  - learning_rate       : 0.3
  - optimizer_type      : adam
  - loss_function       : mse
  - epochs              : 12000
  - time_limit          : 5.0
  - validate            : True
  - eval_runs           : 0
  - display_step        : 5
  - seed                : 1234
  - device              : cuda
  - num_workers         : 16
  - log_dir             : ../results/v39-real_workload_perturb_500k
  - debug               : False
  - embedding_dim       : 64
  - p_norm              : 1
  - landmark_selection  : random
  - gnn_layer           : gat
  - disable_edge_weight : False
  - aggregation_method  : concat
  - embedding_filename  : ../data/W_Jinan/landmark_dim61.embeddings
  - select_landmarks_from_train: False
  - distance_measure    : inv_dotproduct
Seed set to 1234
[92mReading edges: ../data/W_Jinan/W_Jinan.edges[0m
[93mWarning: The node ids are left-shifted by 1 (i.e., node ids start from `0 to n-1` instead of `1 to n`) in the loaded graph.[0m
Detected delimiter: `,`
[92mReading nodes: ../data/W_Jinan/W_Jinan.nodes[0m
[93mWarning: The node ids are left-shifted by 1 (i.e., node ids start from `0 to n-1` instead of `1 to n`) in the loaded graph.[0m
Detected delimiter: `,`
Loaded Graph:
  - Data name: W_Jinan
  - No. of nodes: 8908
  - No. of edges: 14070
  - Nodes data: [(0, {'feature': [505678.5149882232, 4056089.911714096]}), (1, {'feature': [505770.08172435686, 4056030.848836959]}), (5877, {'feature': [505645.733199374, 4055649.9546133857]}), (8058, {'feature': [505755.737373046, 4056095.176733334]}), (8071, {'feature': [505589.5880390714, 4056077.65136935]})]...
  - Edges data: [(0, 1, {'weight': 122.0}), (0, 5877, {'weight': 459.0}), (0, 8058, {'weight': 77.0}), (0, 8071, {'weight': 93.0}), (1, 1113, {'weight': 52.0})]...
Edgelist.shape:  (14070, 3)
Node Attributes.shape:  (8908, 2)
[92mReading dataset: ../data/W_Jinan/real_workload_perturb_500k/W_Jinan_train.queries[0m
[93mWarning: The node ids are left-shifted by 1 (i.e., node ids start from `0 to n-1` instead of `1 to n`) in the loaded graph.[0m
Detected delimiter: `,`
  - Total number of queries: 400000
[92mReading dataset: ../data/W_Jinan/real_workload_perturb_500k/W_Jinan_test.queries[0m
[93mWarning: The node ids are left-shifted by 1 (i.e., node ids start from `0 to n-1` instead of `1 to n`) in the loaded graph.[0m
Detected delimiter: `,`
  - Total number of queries: 100000
Distance matrix of size (400000,) created successfully
Replicating queries to reach target size
  - Original size: 100000
  - New size:      1000000
Distance matrix of size (1000000,) created successfully
Train dataset...
  - No. of samples: 400000
  - Min/Max distance: 1.00/29148.00
  - Mean/Std distance: 4821.99/2811.19
Test dataset...
  - No. of samples: 1000000
  - Min/Max distance: 1.00/26982.00
  - Mean/Std distance: 4826.76/2812.58
Creating train dataloader...
  - Batch size: 1024
  - No. of batches: 391
  - Number of workers: 16
  - Pin memory: True
Creating val dataloader...
  - Batch size: 1024
  - No. of batches: 977
  - Number of workers: 16
  - Pin memory: True
Creating test dataloader...
  - Batch size: 1048576
  - No. of batches: 1
  - Number of workers: 16
  - Pin memory: True
[92mSaving plot: ../results/v39-real_workload_perturb_500k/plots/histogram_distances_W_Jinan_real_workload_perturb_500k.png[0m
Detected delimiter: ` `
[92mReading embeddings: ../data/W_Jinan/landmark_dim61.embeddings[0m
[93mWarning: The node ids are left-shifted by 1 (i.e., node ids start from `0 to n-1` instead of `1 to n`) in the loaded graph.[0m
  - Embeddings shape: (8908, 61)
Coordinate embeddings shape: (8908, 2)
Landmark embeddings shape: (8908, 61)
Model Summary:
OptimizedModule(
  (_orig_mod): CatBoostModel(
    (coordinate_embs): Embedding(8908, 2)
    (landmark_embs): Embedding(8908, 61)
  )
)
Model parameters size: 0
Model has no trainable parameters. Skipping criterion initialization.
Loss function: None
Model has no trainable parameters. Skipping optimizer initialization.
Optimizer: None
Setting device for catboost: `cuda` --> `cpu`
Using Device: cpu
Starting training...
Training CatBoost model...
Training on samples 0 to 400000...
0:	learn: 1.1041684	test: 1.1831827	best: 1.1831827 (0)	total: 87.1ms	remaining: 17m 25s
100:	learn: 0.0865832	test: 0.0919298	best: 0.0919298 (100)	total: 2.73s	remaining: 5m 21s
200:	learn: 0.0725665	test: 0.0755882	best: 0.0749300 (178)	total: 5.31s	remaining: 5m 11s
300:	learn: 0.0668974	test: 0.0678400	best: 0.0673895 (296)	total: 7.9s	remaining: 5m 6s
400:	learn: 0.0621719	test: 0.0622920	best: 0.0622920 (400)	total: 10.4s	remaining: 5m
500:	learn: 0.0588441	test: 0.0580236	best: 0.0578642 (498)	total: 12.9s	remaining: 4m 56s
600:	learn: 0.0575163	test: 0.0563676	best: 0.0563593 (594)	total: 15.4s	remaining: 4m 52s
700:	learn: 0.0561625	test: 0.0573125	best: 0.0558329 (615)	total: 17.9s	remaining: 4m 48s
800:	learn: 0.0538699	test: 0.0552363	best: 0.0552251 (799)	total: 20.3s	remaining: 4m 44s
900:	learn: 0.0527103	test: 0.0531995	best: 0.0531995 (900)	total: 22.9s	remaining: 4m 41s
1000:	learn: 0.0505464	test: 0.0513224	best: 0.0512851 (998)	total: 25.4s	remaining: 4m 38s
1100:	learn: 0.0491159	test: 0.0505939	best: 0.0505846 (1099)	total: 27.9s	remaining: 4m 35s
1200:	learn: 0.0481083	test: 0.0494474	best: 0.0494474 (1200)	total: 30.4s	remaining: 4m 33s
1300:	learn: 0.0468104	test: 0.0486687	best: 0.0486687 (1300)	total: 32.9s	remaining: 4m 30s
1400:	learn: 0.0449728	test: 0.0472002	best: 0.0471149 (1399)	total: 35.5s	remaining: 4m 28s
1500:	learn: 0.0440443	test: 0.0463155	best: 0.0463155 (1500)	total: 38s	remaining: 4m 25s
1600:	learn: 0.0423404	test: 0.0452229	best: 0.0451915 (1590)	total: 40.5s	remaining: 4m 23s
1700:	learn: 0.0415348	test: 0.0444208	best: 0.0444208 (1700)	total: 43.1s	remaining: 4m 20s
1800:	learn: 0.0406223	test: 0.0440148	best: 0.0438777 (1793)	total: 45.6s	remaining: 4m 18s
1900:	learn: 0.0397378	test: 0.0435741	best: 0.0435741 (1900)	total: 48.1s	remaining: 4m 15s
2000:	learn: 0.0392523	test: 0.0430232	best: 0.0430232 (2000)	total: 50.6s	remaining: 4m 12s
2100:	learn: 0.0381979	test: 0.0420679	best: 0.0420679 (2100)	total: 53.2s	remaining: 4m 10s
2200:	learn: 0.0372878	test: 0.0414702	best: 0.0412178 (2186)	total: 55.7s	remaining: 4m 7s
2300:	learn: 0.0366669	test: 0.0404579	best: 0.0404518 (2288)	total: 58.2s	remaining: 4m 5s
2400:	learn: 0.0358709	test: 0.0392776	best: 0.0392776 (2400)	total: 1m	remaining: 4m 2s
2500:	learn: 0.0353363	test: 0.0385270	best: 0.0385270 (2500)	total: 1m 3s	remaining: 4m
2600:	learn: 0.0349298	test: 0.0384144	best: 0.0383808 (2551)	total: 1m 5s	remaining: 3m 58s
2700:	learn: 0.0343825	test: 0.0381530	best: 0.0378497 (2674)	total: 1m 8s	remaining: 3m 55s
2800:	learn: 0.0339592	test: 0.0378785	best: 0.0378497 (2674)	total: 1m 10s	remaining: 3m 52s
2900:	learn: 0.0334847	test: 0.0373378	best: 0.0373071 (2886)	total: 1m 13s	remaining: 3m 50s
3000:	learn: 0.0329364	test: 0.0369542	best: 0.0369542 (3000)	total: 1m 16s	remaining: 3m 47s
3100:	learn: 0.0324621	test: 0.0363942	best: 0.0362863 (3068)	total: 1m 18s	remaining: 3m 45s
3200:	learn: 0.0319594	test: 0.0360011	best: 0.0359753 (3199)	total: 1m 21s	remaining: 3m 42s
3300:	learn: 0.0315399	test: 0.0356500	best: 0.0356500 (3300)	total: 1m 23s	remaining: 3m 40s
3400:	learn: 0.0311713	test: 0.0352344	best: 0.0352344 (3400)	total: 1m 26s	remaining: 3m 37s
3500:	learn: 0.0306299	test: 0.0349308	best: 0.0349281 (3499)	total: 1m 28s	remaining: 3m 35s
3600:	learn: 0.0304362	test: 0.0348506	best: 0.0348360 (3599)	total: 1m 31s	remaining: 3m 32s
3700:	learn: 0.0302367	test: 0.0347553	best: 0.0347496 (3690)	total: 1m 33s	remaining: 3m 30s
3800:	learn: 0.0298314	test: 0.0342331	best: 0.0342044 (3771)	total: 1m 36s	remaining: 3m 27s
3900:	learn: 0.0294436	test: 0.0338082	best: 0.0338044 (3841)	total: 1m 38s	remaining: 3m 24s
4000:	learn: 0.0291965	test: 0.0335502	best: 0.0335502 (4000)	total: 1m 41s	remaining: 3m 22s
4100:	learn: 0.0289754	test: 0.0334699	best: 0.0334699 (4100)	total: 1m 43s	remaining: 3m 19s
4200:	learn: 0.0287364	test: 0.0332525	best: 0.0332108 (4175)	total: 1m 46s	remaining: 3m 17s
4300:	learn: 0.0283046	test: 0.0328073	best: 0.0327875 (4294)	total: 1m 48s	remaining: 3m 14s
4400:	learn: 0.0281084	test: 0.0326014	best: 0.0325147 (4383)	total: 1m 51s	remaining: 3m 12s
4500:	learn: 0.0277575	test: 0.0324454	best: 0.0324143 (4495)	total: 1m 53s	remaining: 3m 9s
4600:	learn: 0.0274319	test: 0.0320316	best: 0.0320316 (4600)	total: 1m 56s	remaining: 3m 7s
4700:	learn: 0.0271680	test: 0.0319141	best: 0.0319141 (4700)	total: 1m 58s	remaining: 3m 4s
4800:	learn: 0.0270041	test: 0.0316807	best: 0.0316629 (4799)	total: 2m 1s	remaining: 3m 2s
4900:	learn: 0.0266897	test: 0.0314874	best: 0.0313989 (4879)	total: 2m 3s	remaining: 2m 59s
5000:	learn: 0.0264731	test: 0.0313036	best: 0.0312897 (4998)	total: 2m 6s	remaining: 2m 57s
5100:	learn: 0.0262590	test: 0.0310932	best: 0.0310885 (5093)	total: 2m 9s	remaining: 2m 54s
5200:	learn: 0.0260155	test: 0.0309218	best: 0.0309198 (5197)	total: 2m 11s	remaining: 2m 52s
5300:	learn: 0.0258079	test: 0.0307950	best: 0.0307950 (5300)	total: 2m 14s	remaining: 2m 49s
5400:	learn: 0.0255831	test: 0.0305899	best: 0.0305076 (5364)	total: 2m 16s	remaining: 2m 46s
5500:	learn: 0.0252398	test: 0.0301409	best: 0.0301409 (5500)	total: 2m 19s	remaining: 2m 44s
5600:	learn: 0.0250670	test: 0.0300303	best: 0.0300299 (5595)	total: 2m 21s	remaining: 2m 41s
5700:	learn: 0.0248677	test: 0.0299567	best: 0.0299507 (5680)	total: 2m 24s	remaining: 2m 39s
5800:	learn: 0.0246726	test: 0.0298879	best: 0.0298782 (5796)	total: 2m 26s	remaining: 2m 36s
5900:	learn: 0.0245131	test: 0.0298027	best: 0.0297766 (5895)	total: 2m 29s	remaining: 2m 34s
6000:	learn: 0.0241795	test: 0.0292494	best: 0.0292438 (5965)	total: 2m 31s	remaining: 2m 31s
6100:	learn: 0.0240267	test: 0.0291561	best: 0.0291506 (6099)	total: 2m 34s	remaining: 2m 29s
6200:	learn: 0.0238548	test: 0.0290398	best: 0.0290367 (6196)	total: 2m 36s	remaining: 2m 26s
6300:	learn: 0.0237321	test: 0.0288014	best: 0.0287654 (6281)	total: 2m 39s	remaining: 2m 23s
6400:	learn: 0.0235165	test: 0.0286263	best: 0.0286257 (6397)	total: 2m 41s	remaining: 2m 21s
6500:	learn: 0.0233680	test: 0.0285366	best: 0.0285366 (6500)	total: 2m 44s	remaining: 2m 18s
6600:	learn: 0.0232208	test: 0.0284672	best: 0.0284672 (6600)	total: 2m 46s	remaining: 2m 16s
6700:	learn: 0.0230978	test: 0.0284870	best: 0.0284450 (6631)	total: 2m 49s	remaining: 2m 13s
6800:	learn: 0.0229386	test: 0.0283968	best: 0.0283943 (6787)	total: 2m 51s	remaining: 2m 11s
6900:	learn: 0.0227183	test: 0.0281704	best: 0.0281704 (6900)	total: 2m 54s	remaining: 2m 8s
7000:	learn: 0.0225943	test: 0.0279534	best: 0.0279457 (6994)	total: 2m 56s	remaining: 2m 6s
7100:	learn: 0.0224926	test: 0.0278821	best: 0.0278821 (7100)	total: 2m 59s	remaining: 2m 3s
7200:	learn: 0.0223096	test: 0.0277441	best: 0.0277412 (7199)	total: 3m 1s	remaining: 2m 1s
7300:	learn: 0.0221436	test: 0.0274616	best: 0.0274536 (7277)	total: 3m 4s	remaining: 1m 58s
7400:	learn: 0.0219994	test: 0.0273508	best: 0.0273241 (7383)	total: 3m 6s	remaining: 1m 56s
7500:	learn: 0.0218738	test: 0.0272716	best: 0.0271978 (7471)	total: 3m 9s	remaining: 1m 53s
7600:	learn: 0.0217381	test: 0.0270612	best: 0.0270483 (7596)	total: 3m 11s	remaining: 1m 51s
7700:	learn: 0.0216841	test: 0.0271006	best: 0.0270204 (7664)	total: 3m 14s	remaining: 1m 48s
7800:	learn: 0.0215622	test: 0.0270041	best: 0.0270021 (7797)	total: 3m 16s	remaining: 1m 45s
7900:	learn: 0.0213812	test: 0.0267549	best: 0.0267492 (7894)	total: 3m 19s	remaining: 1m 43s
8000:	learn: 0.0212026	test: 0.0265343	best: 0.0265343 (8000)	total: 3m 21s	remaining: 1m 40s
8100:	learn: 0.0209979	test: 0.0262582	best: 0.0262582 (8100)	total: 3m 24s	remaining: 1m 38s
8200:	learn: 0.0208202	test: 0.0260907	best: 0.0260274 (8187)	total: 3m 26s	remaining: 1m 35s
8300:	learn: 0.0206157	test: 0.0258472	best: 0.0258355 (8283)	total: 3m 29s	remaining: 1m 33s
8400:	learn: 0.0204817	test: 0.0256662	best: 0.0256662 (8400)	total: 3m 31s	remaining: 1m 30s
8500:	learn: 0.0203377	test: 0.0254703	best: 0.0254637 (8497)	total: 3m 34s	remaining: 1m 28s
8600:	learn: 0.0202036	test: 0.0254043	best: 0.0254009 (8599)	total: 3m 37s	remaining: 1m 25s
8700:	learn: 0.0201143	test: 0.0253449	best: 0.0253449 (8700)	total: 3m 39s	remaining: 1m 23s
8800:	learn: 0.0199909	test: 0.0252394	best: 0.0252394 (8800)	total: 3m 42s	remaining: 1m 20s
8900:	learn: 0.0198950	test: 0.0252443	best: 0.0252244 (8818)	total: 3m 44s	remaining: 1m 18s
9000:	learn: 0.0198373	test: 0.0251659	best: 0.0251659 (9000)	total: 3m 47s	remaining: 1m 15s
9100:	learn: 0.0196934	test: 0.0250632	best: 0.0250632 (9100)	total: 3m 49s	remaining: 1m 13s
9200:	learn: 0.0195581	test: 0.0249363	best: 0.0249363 (9200)	total: 3m 52s	remaining: 1m 10s
9300:	learn: 0.0194047	test: 0.0248513	best: 0.0248513 (9300)	total: 3m 54s	remaining: 1m 8s
9400:	learn: 0.0193443	test: 0.0247795	best: 0.0247644 (9388)	total: 3m 57s	remaining: 1m 5s
9500:	learn: 0.0191776	test: 0.0246656	best: 0.0246645 (9496)	total: 3m 59s	remaining: 1m 3s
9600:	learn: 0.0191542	test: 0.0246957	best: 0.0246370 (9567)	total: 4m 2s	remaining: 1m
9700:	learn: 0.0190276	test: 0.0245672	best: 0.0245625 (9697)	total: 4m 4s	remaining: 57.9s
9800:	learn: 0.0189443	test: 0.0245575	best: 0.0245519 (9763)	total: 4m 6s	remaining: 55.4s
9900:	learn: 0.0188554	test: 0.0245466	best: 0.0245045 (9862)	total: 4m 9s	remaining: 52.9s
10000:	learn: 0.0187543	test: 0.0244343	best: 0.0244343 (10000)	total: 4m 11s	remaining: 50.3s
10100:	learn: 0.0186088	test: 0.0243705	best: 0.0243705 (10100)	total: 4m 14s	remaining: 47.8s
10200:	learn: 0.0185253	test: 0.0243105	best: 0.0243061 (10198)	total: 4m 16s	remaining: 45.3s
10300:	learn: 0.0183809	test: 0.0242837	best: 0.0242721 (10290)	total: 4m 19s	remaining: 42.8s
10400:	learn: 0.0182536	test: 0.0242847	best: 0.0242359 (10367)	total: 4m 21s	remaining: 40.3s
10500:	learn: 0.0181471	test: 0.0241795	best: 0.0241756 (10496)	total: 4m 24s	remaining: 37.7s
10600:	learn: 0.0180394	test: 0.0240763	best: 0.0240694 (10596)	total: 4m 26s	remaining: 35.2s
10700:	learn: 0.0179301	test: 0.0240963	best: 0.0240664 (10624)	total: 4m 29s	remaining: 32.7s
10800:	learn: 0.0178891	test: 0.0241269	best: 0.0240525 (10735)	total: 4m 31s	remaining: 30.2s
10900:	learn: 0.0177958	test: 0.0239686	best: 0.0239621 (10895)	total: 4m 34s	remaining: 27.6s
11000:	learn: 0.0177132	test: 0.0239146	best: 0.0239117 (10992)	total: 4m 36s	remaining: 25.1s
11100:	learn: 0.0176537	test: 0.0238823	best: 0.0238807 (11098)	total: 4m 39s	remaining: 22.6s
11200:	learn: 0.0175683	test: 0.0237811	best: 0.0237786 (11198)	total: 4m 41s	remaining: 20.1s
11300:	learn: 0.0174742	test: 0.0236689	best: 0.0236689 (11300)	total: 4m 44s	remaining: 17.6s
11400:	learn: 0.0173820	test: 0.0235845	best: 0.0235695 (11382)	total: 4m 46s	remaining: 15.1s
11500:	learn: 0.0172324	test: 0.0234501	best: 0.0234501 (11500)	total: 4m 49s	remaining: 12.5s
11600:	learn: 0.0171595	test: 0.0234157	best: 0.0234146 (11591)	total: 4m 51s	remaining: 10s
11700:	learn: 0.0171043	test: 0.0233420	best: 0.0233334 (11688)	total: 4m 53s	remaining: 7.51s
11800:	learn: 0.0170370	test: 0.0232881	best: 0.0232861 (11799)	total: 4m 56s	remaining: 5s
11900:	learn: 0.0169665	test: 0.0232548	best: 0.0232548 (11900)	total: 4m 58s	remaining: 2.49s
11999:	learn: 0.0169327	test: 0.0233401	best: 0.0232017 (11938)	total: 5m 1s	remaining: 0us

bestTest = 0.0232017447
bestIteration = 11938

Shrink model to first 11939 iterations.
CatBoost model training completed.
CatBoost model size: 13.66 MB
Optimization Finished!
Precomputation time: 5.18 minutes
[92mSaving model: ../results/v39-real_workload_perturb_500k/saved_models/CatBoost_W_Jinan_real_workload_perturb_500k.pt[0m
  - Model size: 26.94 MB
No training history available.
Evaluation on train Finished!
Evaluation time: 0.08 minutes
Mean Absolute Error: 39.49
Mean Relative Error: 1.69%
Query time per sample: 10.172 microseconds
Adjusted query time per sample: 12.344 microseconds
Bucket 1: 1 - 5830, Local MRE: 2.26%, Fraction of data samples in this bucket: 67.59%
Bucket 2: 5830 - 11660, Local MRE: 0.53%, Fraction of data samples in this bucket: 30.46%
Bucket 3: 11660 - 17489, Local MRE: 0.32%, Fraction of data samples in this bucket: 1.87%
Bucket 4: 17489 - 23319, Local MRE: 0.18%, Fraction of data samples in this bucket: 0.08%
Bucket 5: 23319 - 29148, Local MRE: 0.09%, Fraction of data samples in this bucket: 0.01%
Total Buckets: 5, Global MRE: 1.69%, Global Count: 400000
[92mSaving plot: ../results/v39-real_workload_perturb_500k/plots/mre_boxplot_CatBoost_W_Jinan_real_workload_perturb_500k_Train.png[0m
[92mSaving plot: ../results/v39-real_workload_perturb_500k/plots/predictions_targets_CatBoost_W_Jinan_real_workload_perturb_500k_Train.png[0m
Evaluation on test Finished!
Evaluation time: 0.17 minutes
Mean Absolute Error: 57.60
Mean Relative Error: 2.32%
Query time per sample: 2.321 microseconds
Adjusted query time per sample: 10.377 microseconds
Bucket 1: 1 - 5397, Local MRE: 3.22%, Fraction of data samples in this bucket: 62.35%
Bucket 2: 5397 - 10793, Local MRE: 0.83%, Fraction of data samples in this bucket: 34.48%
Bucket 3: 10793 - 16190, Local MRE: 0.80%, Fraction of data samples in this bucket: 3.02%
Bucket 4: 16190 - 21586, Local MRE: 1.26%, Fraction of data samples in this bucket: 0.13%
Bucket 5: 21586 - 26982, Local MRE: 1.19%, Fraction of data samples in this bucket: 0.01%
Total Buckets: 5, Global MRE: 2.32%, Global Count: 1000000
[92mSaving plot: ../results/v39-real_workload_perturb_500k/plots/mre_boxplot_CatBoost_W_Jinan_real_workload_perturb_500k_Test.png[0m
[92mSaving plot: ../results/v39-real_workload_perturb_500k/plots/predictions_targets_CatBoost_W_Jinan_real_workload_perturb_500k_Test.png[0m
